<?xml version="1.0" encoding="UTF-8"?>
<!--
 * $Id: substitute-components.xml 31790 2013-07-22 13:32:26Z stewmi $
 * $URL: https://svc-vcs-prd.uk.mizuho-sc.com:18080/svn/architecture/cmi2/trunk/projects/mappingConfigurationService/api/src/test/resources/substitute-components.xml $
 *
 * ====================================================================
 *
 * Copyright (c) 2000-2012 by Mizuho International plc.
 * All Rights Reserved.
 *
 * ====================================================================
 *
 -->
<beans xmlns="http://www.springframework.org/schema/beans"
       xmlns:xsi="http://www.w3.org/2001/XMLSchema-instance"
       xsi:schemaLocation="http://www.springframework.org/schema/beans http://www.springframework.org/schema/beans/spring-beans-3.1.xsd">

    <bean id="testDataProducer" class="org.ikasan.component.endpoint.jms.spring.producer.JmsTemplateProducer">
        <constructor-arg>
            <bean class="org.springframework.jms.core.IkasanJmsTemplate"/>
        </constructor-arg>
        <property name="configuration">
            <bean class="org.ikasan.component.endpoint.jms.spring.producer.SpringMessageProducerConfiguration"/>
        </property>
    </bean>

</beans>