<?xml version="1.0" encoding="UTF-8"?>
<beans xmlns="http://www.springframework.org/schema/beans"
       xmlns:xsi="http://www.w3.org/2001/XMLSchema-instance"
       xsi:schemaLocation="http://www.springframework.org/schema/beans http://www.springframework.org/schema/beans/spring-beans-3.1.xsd">

    <bean id="testDataProducer" class="org.ikasan.component.endpoint.jms.spring.producer.JmsTemplateProducer">
        <constructor-arg>
            <bean class="org.springframework.jms.core.IkasanJmsTemplate"/>
        </constructor-arg>
        <property name="configuration">
            <bean class="org.ikasan.component.endpoint.jms.spring.producer.SpringMessageProducerConfiguration"/>
        </property>
    </bean>

</beans>